<?xml version="1.0" encoding="UTF-8" ?>
<testsuite failures="0" time="0.421" errors="0" skipped="0" tests="9" name="com.pagosonline.logica.CuentaIntegrationTest">
  <properties>
[...]
</properties>
  <testcase time="0.035" classname="com.pagosonline.logica.CuentaIntegrationTest" name="testMarkerMethod"/>
  <testcase time="0.069" classname="com.pagosonline.logica.CuentaIntegrationTest" name="testFlush"/>
  <testcase time="0.042" classname="com.pagosonline.logica.CuentaIntegrationTest" name="testMerge"/>
  <testcase time="0.048" classname="com.pagosonline.logica.CuentaIntegrationTest" name="testPersist"/>
  <testcase time="0.045" classname="com.pagosonline.logica.CuentaIntegrationTest" name="testRemove"/>
  <testcase time="0.043" classname="com.pagosonline.logica.CuentaIntegrationTest" name="testCountCuentas"/>
  <testcase time="0.041" classname="com.pagosonline.logica.CuentaIntegrationTest" name="testFindCuenta"/>
  <testcase time="0.045" classname="com.pagosonline.logica.CuentaIntegrationTest" name="testFindAllCuentas"/>
  <testcase time="0.045" classname="com.pagosonline.logica.CuentaIntegrationTest" name="testFindCuentaEntries"/>
</testsuite>